# JRE version: OpenJDK Runtime Environment (8.0_131-b11) (build 1.8.0_131-8u131-b11-2ubuntu1.16.04.3-b11)
# Java VM: OpenJDK 64-Bit Server VM (25.131-b11 mixed mode linux-amd64 compressed oops)
Heap:
 PSYoungGen      total 388096K, used 206006K [0x00000000d8180000, 0x00000000fac00000, 0x0000000100000000)
  eden space 382464K, 52% used [0x00000000d8180000,0x00000000e4590bf8,0x00000000ef700000)
  from space 5632K, 92% used [0x00000000f7e00000,0x00000000f831ccb0,0x00000000f8380000)
  to   space 25088K, 0% used [0x00000000f9380000,0x00000000f9380000,0x00000000fac00000)
 ParOldGen       total 82432K, used 18700K [0x0000000088400000, 0x000000008d480000, 0x00000000d8180000)
  object space 82432K, 22% used [0x0000000088400000,0x0000000089643260,0x000000008d480000)
 Metaspace       used 18050K, capacity 18346K, committed 18688K, reserved 1067008K
  class space    used 1940K, capacity 2005K, committed 2048K, reserved 1048576K
GC Heap History (10 events):
Event: 141.774 GC heap before
{Heap before GC invocations=20 (full 3):
 PSYoungGen      total 482816K, used 482304K [0x00000000d8180000, 0x00000000fe000000, 0x0000000100000000)
  eden space 482304K, 100% used [0x00000000d8180000,0x00000000f5880000,0x00000000f5880000)
  from space 512K, 0% used [0x00000000fdf80000,0x00000000fdf80000,0x00000000fe000000)
  to   space 26112K, 0% used [0x00000000fad00000,0x00000000fad00000,0x00000000fc680000)
 ParOldGen       total 82432K, used 18660K [0x0000000088400000, 0x000000008d480000, 0x00000000d8180000)
  object space 82432K, 22% used [0x0000000088400000,0x0000000089639260,0x000000008d480000)
 Metaspace       used 18015K, capacity 18282K, committed 18432K, reserved 1064960K
  class space    used 1938K, capacity 2005K, committed 2048K, reserved 1048576K
Event: 141.775 GC heap after
Heap after GC invocations=20 (full 3):
 PSYoungGen      total 460800K, used 96K [0x00000000d8180000, 0x00000000fe000000, 0x0000000100000000)
  eden space 460288K, 0% used [0x00000000d8180000,0x00000000d8180000,0x00000000f4300000)
  from space 512K, 18% used [0x00000000fad00000,0x00000000fad18000,0x00000000fad80000)
  to   space 27136K, 0% used [0x00000000fc580000,0x00000000fc580000,0x00000000fe000000)
 ParOldGen       total 82432K, used 18668K [0x0000000088400000, 0x000000008d480000, 0x00000000d8180000)
  object space 82432K, 22% used [0x0000000088400000,0x000000008963b260,0x000000008d480000)
 Metaspace       used 18015K, capacity 18282K, committed 18432K, reserved 1064960K
  class space    used 1938K, capacity 2005K, committed 2048K, reserved 1048576K
}
Event: 150.115 GC heap before
{Heap before GC invocations=21 (full 3):
 PSYoungGen      total 460800K, used 460384K [0x00000000d8180000, 0x00000000fe000000, 0x0000000100000000)
  eden space 460288K, 100% used [0x00000000d8180000,0x00000000f4300000,0x00000000f4300000)
  from space 512K, 18% used [0x00000000fad00000,0x00000000fad18000,0x00000000fad80000)
  to   space 27136K, 0% used [0x00000000fc580000,0x00000000fc580000,0x00000000fe000000)
 ParOldGen       total 82432K, used 18668K [0x0000000088400000, 0x000000008d480000, 0x00000000d8180000)
  object space 82432K, 22% used [0x0000000088400000,0x000000008963b260,0x000000008d480000)
 Metaspace       used 18025K, capacity 18282K, committed 18432K, reserved 1064960K
  class space    used 1938K, capacity 2005K, committed 2048K, reserved 1048576K
Event: 150.116 GC heap after
Heap after GC invocations=21 (full 3):
 PSYoungGen      total 439808K, used 128K [0x00000000d8180000, 0x00000000fc600000, 0x0000000100000000)
  eden space 439296K, 0% used [0x00000000d8180000,0x00000000d8180000,0x00000000f2e80000)
  from space 512K, 25% used [0x00000000fc580000,0x00000000fc5a0000,0x00000000fc600000)
  to   space 27136K, 0% used [0x00000000f9100000,0x00000000f9100000,0x00000000fab80000)
 ParOldGen       total 82432K, used 18692K [0x0000000088400000, 0x000000008d480000, 0x00000000d8180000)
  object space 82432K, 22% used [0x0000000088400000,0x0000000089641260,0x000000008d480000)
 Metaspace       used 18025K, capacity 18282K, committed 18432K, reserved 1064960K
  class space    used 1938K, capacity 2005K, committed 2048K, reserved 1048576K
}
Event: 157.289 GC heap before
{Heap before GC invocations=22 (full 3):
 PSYoungGen      total 439808K, used 439424K [0x00000000d8180000, 0x00000000fc600000, 0x0000000100000000)
  eden space 439296K, 100% used [0x00000000d8180000,0x00000000f2e80000,0x00000000f2e80000)
  from space 512K, 25% used [0x00000000fc580000,0x00000000fc5a0000,0x00000000fc600000)
  to   space 27136K, 0% used [0x00000000f9100000,0x00000000f9100000,0x00000000fab80000)
 ParOldGen       total 82432K, used 18692K [0x0000000088400000, 0x000000008d480000, 0x00000000d8180000)
  object space 82432K, 22% used [0x0000000088400000,0x0000000089641260,0x000000008d480000)
 Metaspace       used 18025K, capacity 18282K, committed 18432K, reserved 1064960K
  class space    used 1938K, capacity 2005K, committed 2048K, reserved 1048576K
Event: 157.290 GC heap after
Heap after GC invocations=22 (full 3):
 PSYoungGen      total 446464K, used 96K [0x00000000d8180000, 0x00000000fc600000, 0x0000000100000000)
  eden space 419328K, 0% used [0x00000000d8180000,0x00000000d8180000,0x00000000f1b00000)
  from space 27136K, 0% used [0x00000000f9100000,0x00000000f9118000,0x00000000fab80000)
  to   space 27136K, 0% used [0x00000000fab80000,0x00000000fab80000,0x00000000fc600000)
 ParOldGen       total 82432K, used 18692K [0x0000000088400000, 0x000000008d480000, 0x00000000d8180000)
  object space 82432K, 22% used [0x0000000088400000,0x0000000089641260,0x000000008d480000)
 Metaspace       used 18025K, capacity 18282K, committed 18432K, reserved 1064960K
  class space    used 1938K, capacity 2005K, committed 2048K, reserved 1048576K
}
Event: 166.070 GC heap before
{Heap before GC invocations=23 (full 3):
 PSYoungGen      total 446464K, used 419424K [0x00000000d8180000, 0x00000000fc600000, 0x0000000100000000)
  eden space 419328K, 100% used [0x00000000d8180000,0x00000000f1b00000,0x00000000f1b00000)
  from space 27136K, 0% used [0x00000000f9100000,0x00000000f9118000,0x00000000fab80000)
  to   space 27136K, 0% used [0x00000000fab80000,0x00000000fab80000,0x00000000fc600000)
 ParOldGen       total 82432K, used 18692K [0x0000000088400000, 0x000000008d480000, 0x00000000d8180000)
  object space 82432K, 22% used [0x0000000088400000,0x0000000089641260,0x000000008d480000)
 Metaspace       used 18030K, capacity 18282K, committed 18432K, reserved 1064960K
  class space    used 1938K, capacity 2005K, committed 2048K, reserved 1048576K
Event: 166.074 GC heap after
Heap after GC invocations=23 (full 3):
 PSYoungGen      total 406016K, used 5299K [0x00000000d8180000, 0x00000000fb100000, 0x0000000100000000)
  eden space 400384K, 0% used [0x00000000d8180000,0x00000000d8180000,0x00000000f0880000)
  from space 5632K, 94% used [0x00000000fab80000,0x00000000fb0accb0,0x00000000fb100000)
  to   space 26112K, 0% used [0x00000000f7e00000,0x00000000f7e00000,0x00000000f9780000)
 ParOldGen       total 82432K, used 18700K [0x0000000088400000, 0x000000008d480000, 0x00000000d8180000)
  object space 82432K, 22% used [0x0000000088400000,0x0000000089643260,0x000000008d480000)
 Metaspace       used 18030K, capacity 18282K, committed 18432K, reserved 1064960K
  class space    used 1938K, capacity 2005K, committed 2048K, reserved 1048576K
}
Event: 173.433 GC heap before
{Heap before GC invocations=24 (full 3):
 PSYoungGen      total 406016K, used 405683K [0x00000000d8180000, 0x00000000fb100000, 0x0000000100000000)
  eden space 400384K, 100% used [0x00000000d8180000,0x00000000f0880000,0x00000000f0880000)
  from space 5632K, 94% used [0x00000000fab80000,0x00000000fb0accb0,0x00000000fb100000)
  to   space 26112K, 0% used [0x00000000f7e00000,0x00000000f7e00000,0x00000000f9780000)
 ParOldGen       total 82432K, used 18700K [0x0000000088400000, 0x000000008d480000, 0x00000000d8180000)
  object space 82432K, 22% used [0x0000000088400000,0x0000000089643260,0x000000008d480000)
 Metaspace       used 18030K, capacity 18282K, committed 18432K, reserved 1064960K
  class space    used 1938K, capacity 2005K, committed 2048K, reserved 1048576K
Event: 173.434 GC heap after
Heap after GC invocations=24 (full 3):
 PSYoungGen      total 388096K, used 5235K [0x00000000d8180000, 0x00000000fac00000, 0x0000000100000000)
  eden space 382464K, 0% used [0x00000000d8180000,0x00000000d8180000,0x00000000ef700000)
  from space 5632K, 92% used [0x00000000f7e00000,0x00000000f831ccb0,0x00000000f8380000)
  to   space 25088K, 0% used [0x00000000f9380000,0x00000000f9380000,0x00000000fac00000)
 ParOldGen       total 82432K, used 18700K [0x0000000088400000, 0x000000008d480000, 0x00000000d8180000)
  object space 82432K, 22% used [0x0000000088400000,0x0000000089643260,0x000000008d480000)
 Metaspace       used 18030K, capacity 18282K, committed 18432K, reserved 1064960K
  class space    used 1938K, capacity 2005K, committed 2048K, reserved 1048576K
}

