# JRE version: OpenJDK Runtime Environment (8.0_151-b12) (build 1.8.0_151-8u151-b12-0ubuntu0.16.04.2-b12)
# Java VM: OpenJDK 64-Bit Server VM (25.151-b12 mixed mode linux-amd64 compressed oops)
Heap:
 garbage-first heap   total 265216K, used 146404K [0x00000000c0000000, 0x00000000c0100818, 0x0000000100000000)
  region size 1024K, 31 young (31744K), 6 survivors (6144K)
 Metaspace       used 118763K, capacity 130328K, committed 130692K, reserved 1163264K
  class space    used 13279K, capacity 16657K, committed 16772K, reserved 1048576K
GC Heap History (10 events):
Event: 25317.182 GC heap before
{Heap before GC invocations=102 (full 0):
 garbage-first heap   total 265216K, used 233580K [0x00000000c0000000, 0x00000000c0100818, 0x0000000100000000)
  region size 1024K, 134 young (137216K), 3 survivors (3072K)
 Metaspace       used 117202K, capacity 128770K, committed 129028K, reserved 1161216K
  class space    used 13115K, capacity 16505K, committed 16644K, reserved 1048576K
Event: 25317.200 GC heap after
Heap after GC invocations=103 (full 0):
 garbage-first heap   total 265216K, used 100595K [0x00000000c0000000, 0x00000000c0100818, 0x0000000100000000)
  region size 1024K, 3 young (3072K), 3 survivors (3072K)
 Metaspace       used 117202K, capacity 128770K, committed 129028K, reserved 1161216K
  class space    used 13115K, capacity 16505K, committed 16644K, reserved 1048576K
}
Event: 28509.219 GC heap before
{Heap before GC invocations=103 (full 0):
 garbage-first heap   total 265216K, used 233715K [0x00000000c0000000, 0x00000000c0100818, 0x0000000100000000)
  region size 1024K, 133 young (136192K), 3 survivors (3072K)
 Metaspace       used 117279K, capacity 128834K, committed 129284K, reserved 1161216K
  class space    used 13115K, capacity 16505K, committed 16644K, reserved 1048576K
Event: 28509.228 GC heap after
Heap after GC invocations=104 (full 0):
 garbage-first heap   total 265216K, used 101993K [0x00000000c0000000, 0x00000000c0100818, 0x0000000100000000)
  region size 1024K, 4 young (4096K), 4 survivors (4096K)
 Metaspace       used 117279K, capacity 128834K, committed 129284K, reserved 1161216K
  class space    used 13115K, capacity 16505K, committed 16644K, reserved 1048576K
}
Event: 36832.142 GC heap before
{Heap before GC invocations=104 (full 0):
 garbage-first heap   total 265216K, used 233065K [0x00000000c0000000, 0x00000000c0100818, 0x0000000100000000)
  region size 1024K, 132 young (135168K), 4 survivors (4096K)
 Metaspace       used 117337K, capacity 128898K, committed 129284K, reserved 1161216K
  class space    used 13116K, capacity 16505K, committed 16644K, reserved 1048576K
Event: 36832.163 GC heap after
Heap after GC invocations=105 (full 0):
 garbage-first heap   total 265216K, used 104136K [0x00000000c0000000, 0x00000000c0100818, 0x0000000100000000)
  region size 1024K, 6 young (6144K), 6 survivors (6144K)
 Metaspace       used 117337K, capacity 128898K, committed 129284K, reserved 1161216K
  class space    used 13116K, capacity 16505K, committed 16644K, reserved 1048576K
}
Event: 44057.592 GC heap before
{Heap before GC invocations=105 (full 0):
 garbage-first heap   total 265216K, used 231112K [0x00000000c0000000, 0x00000000c0100818, 0x0000000100000000)
  region size 1024K, 130 young (133120K), 6 survivors (6144K)
 Metaspace       used 117363K, capacity 128898K, committed 129284K, reserved 1161216K
  class space    used 13116K, capacity 16505K, committed 16644K, reserved 1048576K
Event: 44057.606 GC heap after
Heap after GC invocations=106 (full 0):
 garbage-first heap   total 265216K, used 103738K [0x00000000c0000000, 0x00000000c0100818, 0x0000000100000000)
  region size 1024K, 5 young (5120K), 5 survivors (5120K)
 Metaspace       used 117363K, capacity 128898K, committed 129284K, reserved 1161216K
  class space    used 13116K, capacity 16505K, committed 16644K, reserved 1048576K
}
Event: 44060.986 GC heap before
{Heap before GC invocations=106 (full 0):
 garbage-first heap   total 265216K, used 197159K [0x00000000c0000000, 0x00000000c0100818, 0x0000000100000000)
  region size 1024K, 81 young (82944K), 5 survivors (5120K)
 Metaspace       used 118506K, capacity 129972K, committed 130052K, reserved 1163264K
  class space    used 13255K, capacity 16624K, committed 16644K, reserved 1048576K
Event: 44061.002 GC heap after
Heap after GC invocations=107 (full 0):
 garbage-first heap   total 265216K, used 105157K [0x00000000c0000000, 0x00000000c0100818, 0x0000000100000000)
  region size 1024K, 6 young (6144K), 6 survivors (6144K)
 Metaspace       used 118506K, capacity 129972K, committed 130052K, reserved 1163264K
  class space    used 13255K, capacity 16624K, committed 16644K, reserved 1048576K
}

