# JRE version: OpenJDK Runtime Environment (8.0_151-b12) (build 1.8.0_151-8u151-b12-0ubuntu0.16.04.2-b12)
# Java VM: OpenJDK 64-Bit Server VM (25.151-b12 mixed mode linux-amd64 compressed oops)
Heap:
 garbage-first heap   total 262144K, used 174934K [0x00000000c0000000, 0x00000000c0100800, 0x0000000100000000)
  region size 1024K, 38 young (38912K), 9 survivors (9216K)
 Metaspace       used 142447K, capacity 156814K, committed 156952K, reserved 1185792K
  class space    used 16086K, capacity 20182K, committed 20248K, reserved 1048576K
GC Heap History (10 events):
Event: 4628.149 GC heap before
{Heap before GC invocations=254 (full 0):
 garbage-first heap   total 262144K, used 226173K [0x00000000c0000000, 0x00000000c0100800, 0x0000000100000000)
  region size 1024K, 114 young (116736K), 8 survivors (8192K)
 Metaspace       used 141356K, capacity 155748K, committed 155800K, reserved 1185792K
  class space    used 15957K, capacity 20105K, committed 20120K, reserved 1048576K
Event: 4628.182 GC heap after
Heap after GC invocations=255 (full 0):
 garbage-first heap   total 262144K, used 118653K [0x00000000c0000000, 0x00000000c0100800, 0x0000000100000000)
  region size 1024K, 9 young (9216K), 9 survivors (9216K)
 Metaspace       used 141356K, capacity 155748K, committed 155800K, reserved 1185792K
  class space    used 15957K, capacity 20105K, committed 20120K, reserved 1048576K
}
Event: 4646.861 GC heap before
{Heap before GC invocations=255 (full 0):
 garbage-first heap   total 262144K, used 225149K [0x00000000c0000000, 0x00000000c0100800, 0x0000000100000000)
  region size 1024K, 113 young (115712K), 9 survivors (9216K)
 Metaspace       used 141356K, capacity 155748K, committed 155800K, reserved 1185792K
  class space    used 15957K, capacity 20105K, committed 20120K, reserved 1048576K
Event: 4646.889 GC heap after
Heap after GC invocations=256 (full 0):
 garbage-first heap   total 262144K, used 117629K [0x00000000c0000000, 0x00000000c0100800, 0x0000000100000000)
  region size 1024K, 8 young (8192K), 8 survivors (8192K)
 Metaspace       used 141356K, capacity 155748K, committed 155800K, reserved 1185792K
  class space    used 15957K, capacity 20105K, committed 20120K, reserved 1048576K
}
Event: 4663.230 GC heap before
{Heap before GC invocations=256 (full 0):
 garbage-first heap   total 262144K, used 226173K [0x00000000c0000000, 0x00000000c0100800, 0x0000000100000000)
  region size 1024K, 114 young (116736K), 8 survivors (8192K)
 Metaspace       used 141357K, capacity 155812K, committed 156056K, reserved 1185792K
  class space    used 15957K, capacity 20105K, committed 20120K, reserved 1048576K
Event: 4663.261 GC heap after
Heap after GC invocations=257 (full 0):
 garbage-first heap   total 262144K, used 117117K [0x00000000c0000000, 0x00000000c0100800, 0x0000000100000000)
  region size 1024K, 8 young (8192K), 8 survivors (8192K)
 Metaspace       used 141357K, capacity 155812K, committed 156056K, reserved 1185792K
  class space    used 15957K, capacity 20105K, committed 20120K, reserved 1048576K
}
Event: 27215.672 GC heap before
{Heap before GC invocations=257 (full 0):
 garbage-first heap   total 262144K, used 225661K [0x00000000c0000000, 0x00000000c0100800, 0x0000000100000000)
  region size 1024K, 114 young (116736K), 8 survivors (8192K)
 Metaspace       used 141643K, capacity 156070K, committed 156312K, reserved 1185792K
  class space    used 15983K, capacity 20118K, committed 20120K, reserved 1048576K
Event: 27215.686 GC heap after
Heap after GC invocations=258 (full 0):
 garbage-first heap   total 262144K, used 118653K [0x00000000c0000000, 0x00000000c0100800, 0x0000000100000000)
  region size 1024K, 9 young (9216K), 9 survivors (9216K)
 Metaspace       used 141643K, capacity 156070K, committed 156312K, reserved 1185792K
  class space    used 15983K, capacity 20118K, committed 20120K, reserved 1048576K
}
Event: 27217.009 GC heap before
{Heap before GC invocations=258 (full 0):
 garbage-first heap   total 262144K, used 154442K [0x00000000c0000000, 0x00000000c0100800, 0x0000000100000000)
  region size 1024K, 39 young (39936K), 9 survivors (9216K)
 Metaspace       used 142236K, capacity 156628K, committed 156952K, reserved 1185792K
  class space    used 16065K, capacity 20156K, committed 20248K, reserved 1048576K
Event: 27217.022 GC heap after
Heap after GC invocations=259 (full 0):
 garbage-first heap   total 262144K, used 119063K [0x00000000c0000000, 0x00000000c0100800, 0x0000000100000000)
  region size 1024K, 9 young (9216K), 9 survivors (9216K)
 Metaspace       used 142236K, capacity 156628K, committed 156952K, reserved 1185792K
  class space    used 16065K, capacity 20156K, committed 20248K, reserved 1048576K
}

