# JRE version: OpenJDK Runtime Environment (8.0_151-b12) (build 1.8.0_151-8u151-b12-0ubuntu0.16.04.2-b12)
# Java VM: OpenJDK 64-Bit Server VM (25.151-b12 mixed mode linux-amd64 compressed oops)
Heap:
 garbage-first heap   total 262144K, used 174472K [0x00000000c0000000, 0x00000000c0100800, 0x0000000100000000)
  region size 1024K, 39 young (39936K), 8 survivors (8192K)
 Metaspace       used 109033K, capacity 120294K, committed 120624K, reserved 1153024K
  class space    used 12841K, capacity 16062K, committed 16176K, reserved 1048576K
GC Heap History (10 events):
Event: 194.757 GC heap before
{Heap before GC invocations=24 (full 0):
 garbage-first heap   total 262144K, used 228399K [0x00000000c0000000, 0x00000000c0100800, 0x0000000100000000)
  region size 1024K, 120 young (122880K), 5 survivors (5120K)
 Metaspace       used 105277K, capacity 116212K, committed 116528K, reserved 1150976K
  class space    used 12450K, capacity 15555K, committed 15664K, reserved 1048576K
Event: 194.770 GC heap after
Heap after GC invocations=25 (full 0):
 garbage-first heap   total 262144K, used 111151K [0x00000000c0000000, 0x00000000c0100800, 0x0000000100000000)
  region size 1024K, 5 young (5120K), 5 survivors (5120K)
 Metaspace       used 105277K, capacity 116212K, committed 116528K, reserved 1150976K
  class space    used 12450K, capacity 15555K, committed 15664K, reserved 1048576K
}
Event: 208.571 GC heap before
{Heap before GC invocations=25 (full 0):
 garbage-first heap   total 262144K, used 228911K [0x00000000c0000000, 0x00000000c0100800, 0x0000000100000000)
  region size 1024K, 120 young (122880K), 5 survivors (5120K)
 Metaspace       used 105325K, capacity 116212K, committed 116528K, reserved 1150976K
  class space    used 12454K, capacity 15555K, committed 15664K, reserved 1048576K
Event: 208.582 GC heap after
Heap after GC invocations=26 (full 0):
 garbage-first heap   total 262144K, used 111151K [0x00000000c0000000, 0x00000000c0100800, 0x0000000100000000)
  region size 1024K, 5 young (5120K), 5 survivors (5120K)
 Metaspace       used 105325K, capacity 116212K, committed 116528K, reserved 1150976K
  class space    used 12454K, capacity 15555K, committed 15664K, reserved 1048576K
}
Event: 269.135 GC heap before
{Heap before GC invocations=26 (full 0):
 garbage-first heap   total 262144K, used 228911K [0x00000000c0000000, 0x00000000c0100800, 0x0000000100000000)
  region size 1024K, 120 young (122880K), 5 survivors (5120K)
 Metaspace       used 105470K, capacity 116358K, committed 116528K, reserved 1150976K
  class space    used 12459K, capacity 15556K, committed 15664K, reserved 1048576K
Event: 269.154 GC heap after
Heap after GC invocations=27 (full 0):
 garbage-first heap   total 262144K, used 111663K [0x00000000c0000000, 0x00000000c0100800, 0x0000000100000000)
  region size 1024K, 6 young (6144K), 6 survivors (6144K)
 Metaspace       used 105470K, capacity 116358K, committed 116528K, reserved 1150976K
  class space    used 12459K, capacity 15556K, committed 15664K, reserved 1048576K
}
Event: 278.793 GC heap before
{Heap before GC invocations=27 (full 0):
 garbage-first heap   total 262144K, used 227375K [0x00000000c0000000, 0x00000000c0100800, 0x0000000100000000)
  region size 1024K, 119 young (121856K), 6 survivors (6144K)
 Metaspace       used 106906K, capacity 118230K, committed 118576K, reserved 1153024K
  class space    used 12615K, capacity 15813K, committed 15920K, reserved 1048576K
Event: 278.809 GC heap after
Heap after GC invocations=28 (full 0):
 garbage-first heap   total 262144K, used 113711K [0x00000000c0000000, 0x00000000c0100800, 0x0000000100000000)
  region size 1024K, 8 young (8192K), 8 survivors (8192K)
 Metaspace       used 106906K, capacity 118230K, committed 118576K, reserved 1153024K
  class space    used 12615K, capacity 15813K, committed 15920K, reserved 1048576K
}
Event: 280.844 GC heap before
{Heap before GC invocations=28 (full 0):
 garbage-first heap   total 262144K, used 169811K [0x00000000c0000000, 0x00000000c0100800, 0x0000000100000000)
  region size 1024K, 56 young (57344K), 8 survivors (8192K)
 Metaspace       used 108747K, capacity 120054K, committed 120240K, reserved 1153024K
  class space    used 12813K, capacity 16026K, committed 16048K, reserved 1048576K
Event: 280.861 GC heap after
Heap after GC invocations=29 (full 0):
 garbage-first heap   total 262144K, used 117861K [0x00000000c0000000, 0x00000000c0100800, 0x0000000100000000)
  region size 1024K, 8 young (8192K), 8 survivors (8192K)
 Metaspace       used 108747K, capacity 120054K, committed 120240K, reserved 1153024K
  class space    used 12813K, capacity 16026K, committed 16048K, reserved 1048576K
}

