# JRE version: OpenJDK Runtime Environment (8.0_151-b12) (build 1.8.0_151-8u151-b12-0ubuntu0.16.04.2-b12)
# Java VM: OpenJDK 64-Bit Server VM (25.151-b12 mixed mode linux-amd64 compressed oops)
Heap:
 garbage-first heap   total 262144K, used 161909K [0x00000000c0000000, 0x00000000c0100800, 0x0000000100000000)
  region size 1024K, 34 young (34816K), 7 survivors (7168K)
 Metaspace       used 118930K, capacity 131750K, committed 131864K, reserved 1163264K
  class space    used 13852K, capacity 17432K, committed 17432K, reserved 1048576K
GC Heap History (10 events):
Event: 512.192 GC heap before
{Heap before GC invocations=40 (full 0):
 garbage-first heap   total 262144K, used 224965K [0x00000000c0000000, 0x00000000c0100800, 0x0000000100000000)
  region size 1024K, 117 young (119808K), 8 survivors (8192K)
 Metaspace       used 117280K, capacity 129798K, committed 130072K, reserved 1161216K
  class space    used 13710K, capacity 17309K, committed 17432K, reserved 1048576K
Event: 512.218 GC heap after
Heap after GC invocations=41 (full 0):
 garbage-first heap   total 262144K, used 113880K [0x00000000c0000000, 0x00000000c0100800, 0x0000000100000000)
  region size 1024K, 9 young (9216K), 9 survivors (9216K)
 Metaspace       used 117280K, capacity 129798K, committed 130072K, reserved 1161216K
  class space    used 13710K, capacity 17309K, committed 17432K, reserved 1048576K
}
Event: 521.997 GC heap before
{Heap before GC invocations=41 (full 0):
 garbage-first heap   total 262144K, used 223448K [0x00000000c0000000, 0x00000000c0100800, 0x0000000100000000)
  region size 1024K, 116 young (118784K), 9 survivors (9216K)
 Metaspace       used 117427K, capacity 130014K, committed 130328K, reserved 1163264K
  class space    used 13713K, capacity 17313K, committed 17432K, reserved 1048576K
Event: 522.029 GC heap after
Heap after GC invocations=42 (full 0):
 garbage-first heap   total 262144K, used 113899K [0x00000000c0000000, 0x00000000c0100800, 0x0000000100000000)
  region size 1024K, 9 young (9216K), 9 survivors (9216K)
 Metaspace       used 117427K, capacity 130014K, committed 130328K, reserved 1163264K
  class space    used 13713K, capacity 17313K, committed 17432K, reserved 1048576K
}
Event: 644.938 GC heap before
{Heap before GC invocations=42 (full 0):
 garbage-first heap   total 262144K, used 223467K [0x00000000c0000000, 0x00000000c0100800, 0x0000000100000000)
  region size 1024K, 116 young (118784K), 9 survivors (9216K)
 Metaspace       used 117696K, capacity 130338K, committed 130584K, reserved 1163264K
  class space    used 13713K, capacity 17313K, committed 17432K, reserved 1048576K
Event: 644.954 GC heap after
Heap after GC invocations=43 (full 0):
 garbage-first heap   total 262144K, used 113910K [0x00000000c0000000, 0x00000000c0100800, 0x0000000100000000)
  region size 1024K, 9 young (9216K), 9 survivors (9216K)
 Metaspace       used 117696K, capacity 130338K, committed 130584K, reserved 1163264K
  class space    used 13713K, capacity 17313K, committed 17432K, reserved 1048576K
}
Event: 870.614 GC heap before
{Heap before GC invocations=43 (full 0):
 garbage-first heap   total 262144K, used 223478K [0x00000000c0000000, 0x00000000c0100800, 0x0000000100000000)
  region size 1024K, 116 young (118784K), 9 survivors (9216K)
 Metaspace       used 117759K, capacity 130350K, committed 130584K, reserved 1163264K
  class space    used 13714K, capacity 17315K, committed 17432K, reserved 1048576K
Event: 870.640 GC heap after
Heap after GC invocations=44 (full 0):
 garbage-first heap   total 262144K, used 114285K [0x00000000c0000000, 0x00000000c0100800, 0x0000000100000000)
  region size 1024K, 9 young (9216K), 9 survivors (9216K)
 Metaspace       used 117759K, capacity 130350K, committed 130584K, reserved 1163264K
  class space    used 13714K, capacity 17315K, committed 17432K, reserved 1048576K
}
Event: 873.041 GC heap before
{Heap before GC invocations=44 (full 0):
 garbage-first heap   total 262144K, used 175234K [0x00000000c0000000, 0x00000000c0100800, 0x0000000100000000)
  region size 1024K, 61 young (62464K), 9 survivors (9216K)
 Metaspace       used 118653K, capacity 131382K, committed 131608K, reserved 1163264K
  class space    used 13823K, capacity 17396K, committed 17432K, reserved 1048576K
Event: 873.085 GC heap after
Heap after GC invocations=45 (full 0):
 garbage-first heap   total 262144K, used 114860K [0x00000000c0000000, 0x00000000c0100800, 0x0000000100000000)
  region size 1024K, 7 young (7168K), 7 survivors (7168K)
 Metaspace       used 118653K, capacity 131382K, committed 131608K, reserved 1163264K
  class space    used 13823K, capacity 17396K, committed 17432K, reserved 1048576K
}

